[debug] [2025-08-15T19:58:41.041Z] ----------------------------------------------------------------------
[debug] [2025-08-15T19:58:41.043Z] Command:       /Users/shakhrillo/.nvm/versions/node/v22.18.0/bin/node /Users/shakhrillo/.nvm/versions/node/v22.18.0/bin/firebase init
[debug] [2025-08-15T19:58:41.043Z] CLI Version:   14.11.2
[debug] [2025-08-15T19:58:41.043Z] Platform:      darwin
[debug] [2025-08-15T19:58:41.043Z] Node Version:  v22.18.0
[debug] [2025-08-15T19:58:41.043Z] Time:          Sat Aug 16 2025 00:58:41 GMT+0500 (Uzbekistan Standard Time)
[debug] [2025-08-15T19:58:41.043Z] ----------------------------------------------------------------------
[debug] 
[debug] [2025-08-15T19:58:41.139Z] > command requires scopes: ["email","openid","https://www.googleapis.com/auth/cloudplatformprojects.readonly","https://www.googleapis.com/auth/firebase","https://www.googleapis.com/auth/cloud-platform"]
[debug] [2025-08-15T19:58:41.140Z] > authorizing via signed-in user (uzbfreelancer@gmail.com)
[info] 
     ######## #### ########  ######## ########     ###     ######  ########
     ##        ##  ##     ## ##       ##     ##  ##   ##  ##       ##
     ######    ##  ########  ######   ########  #########  ######  ######
     ##        ##  ##    ##  ##       ##     ## ##     ##       ## ##
     ##       #### ##     ## ######## ########  ##     ##  ######  ########

You're about to initialize a Firebase project in this directory:

  /Users/shakhrillo/Desktop/gsb

Before we get started, keep in mind:

  * You are initializing within an existing Firebase project directory

[info] 
=== Project Setup
[info] 
[info] First, let's associate this project directory with a Firebase project.
[info] You can create multiple project aliases by running firebase use --add, 
[info] but for now we'll just set up a default project.
[info] 
[debug] [2025-08-15T19:58:47.171Z] Using project from CLI flag: yolda-e6aae
[debug] [2025-08-15T19:58:47.172Z] Checked if tokens are valid: true, expires at: 1755291489151
[debug] [2025-08-15T19:58:47.172Z] Checked if tokens are valid: true, expires at: 1755291489151
[debug] [2025-08-15T19:58:47.173Z] >>> [apiv2][query] GET https://firebase.googleapis.com/v1beta1/projects/yolda-e6aae [none]
[debug] [2025-08-15T19:58:47.644Z] <<< [apiv2][status] GET https://firebase.googleapis.com/v1beta1/projects/yolda-e6aae 403
[debug] [2025-08-15T19:58:47.644Z] <<< [apiv2][body] GET https://firebase.googleapis.com/v1beta1/projects/yolda-e6aae {"error":{"code":403,"message":"The caller does not have permission","status":"PERMISSION_DENIED"}}
[debug] [2025-08-15T19:58:47.645Z] Request to https://firebase.googleapis.com/v1beta1/projects/yolda-e6aae had HTTP Error: 403, The caller does not have permission
[debug] [2025-08-15T19:58:47.857Z] FirebaseError: Request to https://firebase.googleapis.com/v1beta1/projects/yolda-e6aae had HTTP Error: 403, The caller does not have permission
    at responseToError (/Users/shakhrillo/.nvm/versions/node/v22.18.0/lib/node_modules/firebase-tools/lib/responseToError.js:52:12)
    at RetryOperation._fn (/Users/shakhrillo/.nvm/versions/node/v22.18.0/lib/node_modules/firebase-tools/lib/apiv2.js:312:77)
    at process.processTicksAndRejections (node:internal/process/task_queues:105:5)
[error] 
[error] Error: Failed to get Firebase project yolda-e6aae. Please make sure the project exists and your account has permission to access it.
[debug] [2025-08-15T19:59:33.014Z] ----------------------------------------------------------------------
[debug] [2025-08-15T19:59:33.016Z] Command:       /Users/shakhrillo/.nvm/versions/node/v22.18.0/bin/node /Users/shakhrillo/.nvm/versions/node/v22.18.0/bin/firebase init
[debug] [2025-08-15T19:59:33.016Z] CLI Version:   14.11.2
[debug] [2025-08-15T19:59:33.016Z] Platform:      darwin
[debug] [2025-08-15T19:59:33.017Z] Node Version:  v22.18.0
[debug] [2025-08-15T19:59:33.017Z] Time:          Sat Aug 16 2025 00:59:33 GMT+0500 (Uzbekistan Standard Time)
[debug] [2025-08-15T19:59:33.017Z] ----------------------------------------------------------------------
[debug] 
[debug] [2025-08-15T19:59:33.113Z] > command requires scopes: ["email","openid","https://www.googleapis.com/auth/cloudplatformprojects.readonly","https://www.googleapis.com/auth/firebase","https://www.googleapis.com/auth/cloud-platform"]
[debug] [2025-08-15T19:59:33.113Z] > authorizing via signed-in user (uzbfreelancer@gmail.com)
[info] 
     ######## #### ########  ######## ########     ###     ######  ########
     ##        ##  ##     ## ##       ##     ##  ##   ##  ##       ##
     ######    ##  ########  ######   ########  #########  ######  ######
     ##        ##  ##    ##  ##       ##     ## ##     ##       ## ##
     ##       #### ##     ## ######## ########  ##     ##  ######  ########

You're about to initialize a Firebase project in this directory:

  /Users/shakhrillo/Desktop/gsb

Before we get started, keep in mind:

  * You are initializing within an existing Firebase project directory

[debug] [2025-08-15T19:59:36.484Z] ExitPromptError: User force closed the prompt with SIGINT
    at Interface.sigint (/Users/shakhrillo/.nvm/versions/node/v22.18.0/lib/node_modules/firebase-tools/node_modules/@inquirer/core/dist/commonjs/lib/create-prompt.js:101:37)
    at Interface.emit (node:events:518:28)
    at Interface.emit (node:domain:489:12)
    at [_ttyWrite] [as _ttyWrite] (node:internal/readline/interface:1132:18)
    at ReadStream.onkeypress (node:internal/readline/interface:271:20)
    at ReadStream.emit (node:events:530:35)
    at ReadStream.emit (node:domain:489:12)
    at emitKeys (node:internal/readline/utils:370:14)
    at emitKeys.next (<anonymous>)
    at ReadStream.onData (node:internal/readline/emitKeypressEvents:64:36)
[error] 
[error] Error: An unexpected error has occurred.
